2024/10/02 17:49:38 Server failed to start: listen tcp 127.0.0.1:6060: bind: Only one usage of each socket address (protocol/network address/port) is normally permitted.
2024/10/02 19:20:11 Panic recovered: runtime error: invalid memory address or nil pointer dereference
2024/10/02 19:20:11 Server failed to start: listen tcp 127.0.0.1:6060: bind: Only one usage of each socket address (protocol/network address/port) is normally permitted.
2024/10/03 11:30:32 Panic recovered: s
2024/10/03 11:30:32 Error occurred: s
2024/10/03 11:30:32 Restarting Orbix in 1 seconds...
2024/10/03 11:30:33 Panic recovered: s
2024/10/03 11:30:33 Error occurred: s
2024/10/03 11:30:33 Restarting Orbix in 1 seconds...
2024/10/03 11:30:34 Panic recovered: s
2024/10/03 11:30:34 Error occurred: s
2024/10/03 11:30:34 Restarting Orbix in 1 seconds...
2024/10/03 11:30:35 Panic recovered: s
2024/10/03 11:30:35 Error occurred: s
2024/10/03 11:30:35 Restarting Orbix in 1 seconds...
2024/10/03 11:30:36 Panic recovered: s
2024/10/03 11:30:36 Error occurred: s
2024/10/03 11:30:36 Max retry attempts reached. Exiting...
2024/10/03 11:30:47 Panic recovered: runtime error: invalid memory address or nil pointer dereference
2024/10/03 11:30:47 Error occurred: runtime error: invalid memory address or nil pointer dereference
2024/10/03 11:30:47 Restarting Orbix in 1 seconds...
2024/10/03 11:30:48 Panic recovered: runtime error: invalid memory address or nil pointer dereference
2024/10/03 11:30:48 Error occurred: runtime error: invalid memory address or nil pointer dereference
2024/10/03 11:30:48 Restarting Orbix in 1 seconds...
2024/10/03 11:30:49 Panic recovered: runtime error: invalid memory address or nil pointer dereference
2024/10/03 11:30:49 Error occurred: runtime error: invalid memory address or nil pointer dereference
2024/10/03 11:30:49 Restarting Orbix in 1 seconds...
2024/10/03 11:30:50 Panic recovered: runtime error: invalid memory address or nil pointer dereference
2024/10/03 11:30:50 Error occurred: runtime error: invalid memory address or nil pointer dereference
2024/10/03 11:30:50 Restarting Orbix in 1 seconds...
2024/10/03 11:30:51 Panic recovered: runtime error: invalid memory address or nil pointer dereference
2024/10/03 11:30:51 Error occurred: runtime error: invalid memory address or nil pointer dereference
2024/10/03 11:30:51 Max retry attempts reached. Exiting...
2024/10/03 11:31:10 Panic recovered: runtime error: invalid memory address or nil pointer dereference
2024/10/03 11:31:11 Error occurred: runtime error: invalid memory address or nil pointer dereference
2024/10/03 11:31:11 Restarting Orbix in 1 seconds...
2024/10/03 11:31:12 Panic recovered: runtime error: invalid memory address or nil pointer dereference
2024/10/03 11:31:12 Error occurred: runtime error: invalid memory address or nil pointer dereference
2024/10/03 11:31:12 Restarting Orbix in 1 seconds...
2024/10/03 11:31:13 Panic recovered: runtime error: invalid memory address or nil pointer dereference
2024/10/03 11:31:13 Error occurred: runtime error: invalid memory address or nil pointer dereference
2024/10/03 11:31:13 Restarting Orbix in 1 seconds...
2024/10/03 11:31:14 Panic recovered: runtime error: invalid memory address or nil pointer dereference
2024/10/03 11:31:14 Error occurred: runtime error: invalid memory address or nil pointer dereference
2024/10/03 11:31:14 Restarting Orbix in 1 seconds...
2024/10/03 11:31:15 Panic recovered: runtime error: invalid memory address or nil pointer dereference
2024/10/03 11:31:15 Error occurred: runtime error: invalid memory address or nil pointer dereference
2024/10/03 11:31:15 Max retry attempts reached. Exiting...
2024/10/03 11:31:23 Panic recovered: s
2024/10/03 11:31:24 Error occurred: s
2024/10/03 11:31:24 Restarting Orbix in 1 seconds...
2024/10/03 11:31:25 Panic recovered: s
2024/10/03 11:31:25 Error occurred: s
2024/10/03 11:31:25 Restarting Orbix in 1 seconds...
2024/10/03 11:31:26 Panic recovered: s
2024/10/03 11:31:26 Error occurred: s
2024/10/03 11:31:26 Restarting Orbix in 1 seconds...
2024/10/03 11:31:27 Panic recovered: s
2024/10/03 11:31:27 Error occurred: s
2024/10/03 11:31:27 Restarting Orbix in 1 seconds...
2024/10/03 11:31:28 Panic recovered: s
2024/10/03 11:31:28 Error occurred: s
2024/10/03 11:31:28 Max retry attempts reached. Exiting...
